<?xml version="1.0" encoding="UTF-8"?>
<testng-results ignored="0" total="1" passed="1" failed="0" skipped="0">
  <reporter-output>
  </reporter-output>
  <suite started-at="2023-03-30T13:35:56 IST" name="Surefire suite" finished-at="2023-03-30T13:37:27 IST" duration-ms="91768">
    <groups>
    </groups>
    <test started-at="2023-03-30T13:35:56 IST" name="Surefire test" finished-at="2023-03-30T13:37:27 IST" duration-ms="91768">
      <class name="com.newproject.Jenkins_Proj">
        <test-method signature="launchBrowser()[pri:0, instance:com.newproject.Jenkins_Proj@6aaceffd]" started-at="2023-03-30T13:35:56 IST" name="launchBrowser" finished-at="2023-03-30T13:37:27 IST" duration-ms="91445" status="PASS">
          <reporter-output>
          </reporter-output>
        </test-method> <!-- launchBrowser -->
      </class> <!-- com.newproject.Jenkins_Proj -->
    </test> <!-- Surefire test -->
  </suite> <!-- Surefire suite -->
</testng-results>
